<?xml version="1.0" encoding="UTF-8"?>
<testng-results ignored="0" total="1" passed="1" failed="0" skipped="0">
  <reporter-output>
  </reporter-output>
  <suite started-at="2023-06-13T00:54:13 IST" name="Default suite" finished-at="2023-06-13T00:54:28 IST" duration-ms="15732">
    <groups>
    </groups>
    <test started-at="2023-06-13T00:54:13 IST" name="Default test" finished-at="2023-06-13T00:54:28 IST" duration-ms="15732">
      <class name="allmobilesandtablets_module.Insidemodule">
        <test-method is-config="true" signature="database()[pri:0, instance:allmobilesandtablets_module.Insidemodule@1ea9f6af]" started-at="2023-06-13T00:54:13 IST" name="database" finished-at="2023-06-13T00:54:13 IST" duration-ms="6" status="PASS">
          <reporter-output>
          </reporter-output>
        </test-method> <!-- database -->
        <test-method is-config="true" signature="launchchrome()[pri:0, instance:allmobilesandtablets_module.Insidemodule@1ea9f6af]" started-at="2023-06-13T00:54:13 IST" name="launchchrome" finished-at="2023-06-13T00:54:18 IST" duration-ms="5250" status="PASS">
          <reporter-output>
          </reporter-output>
        </test-method> <!-- launchchrome -->
        <test-method is-config="true" signature="loginorsignin()[pri:0, instance:allmobilesandtablets_module.Insidemodule@1ea9f6af]" started-at="2023-06-13T00:54:18 IST" name="loginorsignin" finished-at="2023-06-13T00:54:18 IST" duration-ms="137" status="PASS">
          <reporter-output>
          </reporter-output>
        </test-method> <!-- loginorsignin -->
        <test-method signature="mobiles_teblets()[pri:0, instance:allmobilesandtablets_module.Insidemodule@1ea9f6af]" started-at="2023-06-13T00:54:18 IST" name="mobiles_teblets" finished-at="2023-06-13T00:54:23 IST" duration-ms="5112" status="PASS">
          <reporter-output>
          </reporter-output>
        </test-method> <!-- mobiles_teblets -->
        <test-method is-config="true" signature="logoutorsignout()[pri:0, instance:allmobilesandtablets_module.Insidemodule@1ea9f6af]" started-at="2023-06-13T00:54:23 IST" name="logoutorsignout" finished-at="2023-06-13T00:54:28 IST" duration-ms="5051" status="PASS">
          <reporter-output>
          </reporter-output>
        </test-method> <!-- logoutorsignout -->
        <test-method is-config="true" signature="closechrome()[pri:0, instance:allmobilesandtablets_module.Insidemodule@1ea9f6af]" started-at="2023-06-13T00:54:28 IST" name="closechrome" finished-at="2023-06-13T00:54:28 IST" duration-ms="143" status="PASS">
          <reporter-output>
          </reporter-output>
        </test-method> <!-- closechrome -->
        <test-method is-config="true" signature="databaseclosed()[pri:0, instance:allmobilesandtablets_module.Insidemodule@1ea9f6af]" started-at="2023-06-13T00:54:28 IST" name="databaseclosed" finished-at="2023-06-13T00:54:28 IST" duration-ms="0" status="PASS">
          <reporter-output>
          </reporter-output>
        </test-method> <!-- databaseclosed -->
      </class> <!-- allmobilesandtablets_module.Insidemodule -->
    </test> <!-- Default test -->
  </suite> <!-- Default suite -->
</testng-results>
